2025-05-18 13:46:30,453 - INFO - Loaded robots.txt: https://indianculture.gov.in/robots.txt
2025-05-18 13:46:30,454 - INFO - [1] https://indianculture.gov.in/food-and-culture
2025-05-18 13:46:43,089 - INFO - [2] https://indianculture.gov.in/node/22208
2025-05-18 13:46:50,183 - INFO - [3] https://indianculture.gov.in/node/22207
2025-05-18 13:46:51,091 - WARNING - Retrying (Retry(total=2, connect=None, read=None, redirect=None, status=None)) after connection broken by 'NewConnectionError('<urllib3.connection.HTTPConnection object at 0x10e72e490>: Failed to establish a new connection: [Errno 61] Connection refused')': /session/7ee1e60690088196c4169f8d83644419
2025-05-18 13:46:51,092 - WARNING - Retrying (Retry(total=1, connect=None, read=None, redirect=None, status=None)) after connection broken by 'NewConnectionError('<urllib3.connection.HTTPConnection object at 0x10e72e990>: Failed to establish a new connection: [Errno 61] Connection refused')': /session/7ee1e60690088196c4169f8d83644419
2025-05-18 13:46:51,095 - WARNING - Retrying (Retry(total=0, connect=None, read=None, redirect=None, status=None)) after connection broken by 'NewConnectionError('<urllib3.connection.HTTPConnection object at 0x10e72f150>: Failed to establish a new connection: [Errno 61] Connection refused')': /session/7ee1e60690088196c4169f8d83644419
2025-05-18 13:47:22,461 - INFO - Loaded robots.txt: https://indianculture.gov.in/robots.txt
2025-05-18 13:47:22,461 - INFO - [1] https://indianculture.gov.in/food-and-culture
2025-05-18 14:00:49,695 - AdvancedCrawler - INFO - Initialized RecursiveCrawler with max_depth=2, delay=3s
2025-05-18 14:00:49,695 - AdvancedCrawler - INFO - Starting recursive crawling from URL: https://indianculture.gov.in/food-and-culture
2025-05-18 14:00:49,695 - AdvancedCrawler - INFO - Maximum depth: 2, Delay between requests: 3s
2025-05-18 14:00:49,695 - AdvancedCrawler - INFO - Crawling URL: https://indianculture.gov.in/food-and-culture (Depth: 0/2)
2025-05-18 14:00:49,695 - AdvancedCrawler - INFO - Output folder: food-and-culture
2025-05-18 14:00:49,695 - WDM - INFO - ====== WebDriver manager ======
2025-05-18 14:00:49,917 - WDM - INFO - Get LATEST chromedriver version for google-chrome
2025-05-18 14:00:49,951 - WDM - INFO - Get LATEST chromedriver version for google-chrome
2025-05-18 14:00:49,979 - WDM - INFO - Driver [/Users/jananidileepan/.wdm/drivers/chromedriver/mac64/136.0.7103.94/chromedriver-mac-arm64/chromedriver] found in cache
2025-05-18 14:01:01,485 - AdvancedCrawler - INFO - Results saved in directory: food-and-culture/
2025-05-18 14:01:01,485 - AdvancedCrawler - INFO - Parsed 7 valid URLs from food-and-culture/output_links.json
2025-05-18 14:01:01,485 - AdvancedCrawler - INFO - Processing link 1/7 from https://indianculture.gov.in/food-and-culture
2025-05-18 14:01:01,485 - AdvancedCrawler - INFO - Crawling URL: https://indianculture.gov.in/node/2681807 (Depth: 1/2)
2025-05-18 14:01:01,485 - AdvancedCrawler - INFO - Output folder: food-and-culture/2681807
2025-05-18 14:01:01,486 - WDM - INFO - ====== WebDriver manager ======
2025-05-18 14:01:01,704 - WDM - INFO - Get LATEST chromedriver version for google-chrome
2025-05-18 14:01:01,733 - WDM - INFO - Get LATEST chromedriver version for google-chrome
2025-05-18 14:01:01,761 - WDM - INFO - Driver [/Users/jananidileepan/.wdm/drivers/chromedriver/mac64/136.0.7103.94/chromedriver-mac-arm64/chromedriver] found in cache
2025-05-18 14:01:15,651 - AdvancedCrawler - INFO - Results saved in directory: food-and-culture/2681807/
2025-05-18 14:01:15,651 - AdvancedCrawler - INFO - Parsed 0 valid URLs from food-and-culture/2681807/output_links.json
2025-05-18 14:01:15,736 - AdvancedCrawler - INFO - Processing link 2/7 from https://indianculture.gov.in/food-and-culture
2025-05-18 14:01:15,736 - AdvancedCrawler - INFO - Waiting 3 seconds before next request...
2025-05-18 14:01:18,742 - AdvancedCrawler - INFO - Crawling URL: https://indianculture.gov.in/node/2681808 (Depth: 1/2)
2025-05-18 14:01:18,742 - AdvancedCrawler - INFO - Output folder: food-and-culture/2681808
2025-05-18 14:01:18,743 - WDM - INFO - ====== WebDriver manager ======
2025-05-18 14:01:18,985 - WDM - INFO - Get LATEST chromedriver version for google-chrome
2025-05-18 14:01:19,023 - WDM - INFO - Get LATEST chromedriver version for google-chrome
2025-05-18 14:01:19,051 - WDM - INFO - Driver [/Users/jananidileepan/.wdm/drivers/chromedriver/mac64/136.0.7103.94/chromedriver-mac-arm64/chromedriver] found in cache
2025-05-18 14:01:32,680 - AdvancedCrawler - INFO - Results saved in directory: food-and-culture/2681808/
2025-05-18 14:01:32,681 - AdvancedCrawler - INFO - Parsed 8 valid URLs from food-and-culture/2681808/output_links.json
2025-05-18 14:01:32,681 - AdvancedCrawler - INFO - Processing link 1/8 from https://indianculture.gov.in/node/2681808
2025-05-18 14:01:32,681 - AdvancedCrawler - INFO - Crawling URL: https://indianculture.gov.in/node/2681812 (Depth: 2/2)
2025-05-18 14:01:32,681 - AdvancedCrawler - INFO - Output folder: food-and-culture/2681808/2681812
2025-05-18 14:01:32,682 - WDM - INFO - ====== WebDriver manager ======
2025-05-18 14:01:32,881 - WDM - INFO - Get LATEST chromedriver version for google-chrome
2025-05-18 14:01:32,915 - WDM - INFO - Get LATEST chromedriver version for google-chrome
2025-05-18 14:01:32,952 - WDM - INFO - Driver [/Users/jananidileepan/.wdm/drivers/chromedriver/mac64/136.0.7103.94/chromedriver-mac-arm64/chromedriver] found in cache
2025-05-18 14:01:50,698 - AdvancedCrawler - INFO - Results saved in directory: food-and-culture/2681808/2681812/
2025-05-18 14:01:50,789 - AdvancedCrawler - INFO - Processing link 2/8 from https://indianculture.gov.in/node/2681808
2025-05-18 14:01:50,790 - AdvancedCrawler - INFO - Waiting 3 seconds before next request...
2025-05-18 14:01:53,795 - AdvancedCrawler - INFO - Crawling URL: https://indianculture.gov.in/node/2681813 (Depth: 2/2)
2025-05-18 14:01:53,796 - AdvancedCrawler - INFO - Output folder: food-and-culture/2681808/2681813
2025-05-18 14:01:53,797 - WDM - INFO - ====== WebDriver manager ======
2025-05-18 14:01:54,043 - WDM - INFO - Get LATEST chromedriver version for google-chrome
2025-05-18 14:01:54,070 - WDM - INFO - Get LATEST chromedriver version for google-chrome
2025-05-18 14:01:54,096 - WDM - INFO - Driver [/Users/jananidileepan/.wdm/drivers/chromedriver/mac64/136.0.7103.94/chromedriver-mac-arm64/chromedriver] found in cache
2025-05-18 14:02:11,801 - AdvancedCrawler - INFO - Results saved in directory: food-and-culture/2681808/2681813/
2025-05-18 14:02:11,892 - AdvancedCrawler - INFO - Processing link 3/8 from https://indianculture.gov.in/node/2681808
2025-05-18 14:02:11,892 - AdvancedCrawler - INFO - Waiting 3 seconds before next request...
2025-05-18 14:02:14,898 - AdvancedCrawler - INFO - Crawling URL: https://indianculture.gov.in/node/2681815 (Depth: 2/2)
2025-05-18 14:02:14,898 - AdvancedCrawler - INFO - Output folder: food-and-culture/2681808/2681815
2025-05-18 14:02:14,899 - WDM - INFO - ====== WebDriver manager ======
2025-05-18 14:02:15,150 - WDM - INFO - Get LATEST chromedriver version for google-chrome
2025-05-18 14:02:15,192 - WDM - INFO - Get LATEST chromedriver version for google-chrome
2025-05-18 14:02:15,222 - WDM - INFO - Driver [/Users/jananidileepan/.wdm/drivers/chromedriver/mac64/136.0.7103.94/chromedriver-mac-arm64/chromedriver] found in cache
2025-05-18 14:02:30,949 - AdvancedCrawler - INFO - Results saved in directory: food-and-culture/2681808/2681815/
2025-05-18 14:02:31,047 - AdvancedCrawler - INFO - Processing link 4/8 from https://indianculture.gov.in/node/2681808
2025-05-18 14:02:31,047 - AdvancedCrawler - INFO - Waiting 3 seconds before next request...
2025-05-18 14:02:34,054 - AdvancedCrawler - INFO - Crawling URL: https://indianculture.gov.in/node/2681814 (Depth: 2/2)
2025-05-18 14:02:34,055 - AdvancedCrawler - INFO - Output folder: food-and-culture/2681808/2681814
2025-05-18 14:02:34,056 - WDM - INFO - ====== WebDriver manager ======
2025-05-18 14:02:34,296 - WDM - INFO - Get LATEST chromedriver version for google-chrome
2025-05-18 14:02:34,328 - WDM - INFO - Get LATEST chromedriver version for google-chrome
2025-05-18 14:02:34,368 - WDM - INFO - Driver [/Users/jananidileepan/.wdm/drivers/chromedriver/mac64/136.0.7103.94/chromedriver-mac-arm64/chromedriver] found in cache
2025-05-18 14:02:49,407 - AdvancedCrawler - INFO - Results saved in directory: food-and-culture/2681808/2681814/
2025-05-18 14:02:49,491 - AdvancedCrawler - INFO - Processing link 5/8 from https://indianculture.gov.in/node/2681808
2025-05-18 14:02:49,491 - AdvancedCrawler - INFO - Waiting 3 seconds before next request...
2025-05-18 14:02:52,498 - AdvancedCrawler - INFO - Crawling URL: https://indianculture.gov.in/node/2681816 (Depth: 2/2)
2025-05-18 14:02:52,498 - AdvancedCrawler - INFO - Output folder: food-and-culture/2681808/2681816
2025-05-18 14:02:52,499 - WDM - INFO - ====== WebDriver manager ======
2025-05-18 14:02:52,726 - WDM - INFO - Get LATEST chromedriver version for google-chrome
2025-05-18 14:02:52,757 - WDM - INFO - Get LATEST chromedriver version for google-chrome
2025-05-18 14:02:52,784 - WDM - INFO - Driver [/Users/jananidileepan/.wdm/drivers/chromedriver/mac64/136.0.7103.94/chromedriver-mac-arm64/chromedriver] found in cache
2025-05-18 14:03:09,343 - AdvancedCrawler - INFO - Results saved in directory: food-and-culture/2681808/2681816/
2025-05-18 14:03:09,433 - AdvancedCrawler - INFO - Processing link 6/8 from https://indianculture.gov.in/node/2681808
2025-05-18 14:03:09,433 - AdvancedCrawler - INFO - Waiting 3 seconds before next request...
2025-05-18 14:03:12,438 - AdvancedCrawler - INFO - Crawling URL: https://indianculture.gov.in/node/2681817 (Depth: 2/2)
2025-05-18 14:03:12,439 - AdvancedCrawler - INFO - Output folder: food-and-culture/2681808/2681817
2025-05-18 14:03:12,440 - WDM - INFO - ====== WebDriver manager ======
2025-05-18 14:03:12,679 - WDM - INFO - Get LATEST chromedriver version for google-chrome
2025-05-18 14:03:12,711 - WDM - INFO - Get LATEST chromedriver version for google-chrome
2025-05-18 14:03:12,744 - WDM - INFO - Driver [/Users/jananidileepan/.wdm/drivers/chromedriver/mac64/136.0.7103.94/chromedriver-mac-arm64/chromedriver] found in cache
2025-05-18 14:03:27,065 - AdvancedCrawler - INFO - Results saved in directory: food-and-culture/2681808/2681817/
2025-05-18 14:03:27,155 - AdvancedCrawler - INFO - Processing link 7/8 from https://indianculture.gov.in/node/2681808
2025-05-18 14:03:27,155 - AdvancedCrawler - INFO - Waiting 3 seconds before next request...
2025-05-18 14:03:30,160 - AdvancedCrawler - INFO - Crawling URL: https://indianculture.gov.in/node/2681818 (Depth: 2/2)
2025-05-18 14:03:30,161 - AdvancedCrawler - INFO - Output folder: food-and-culture/2681808/2681818
2025-05-18 14:03:30,162 - WDM - INFO - ====== WebDriver manager ======
2025-05-18 14:03:30,408 - WDM - INFO - Get LATEST chromedriver version for google-chrome
2025-05-18 14:03:30,454 - WDM - INFO - Get LATEST chromedriver version for google-chrome
2025-05-18 14:03:30,480 - WDM - INFO - Driver [/Users/jananidileepan/.wdm/drivers/chromedriver/mac64/136.0.7103.94/chromedriver-mac-arm64/chromedriver] found in cache
2025-05-18 14:03:45,263 - AdvancedCrawler - INFO - Results saved in directory: food-and-culture/2681808/2681818/
2025-05-18 14:03:45,354 - AdvancedCrawler - INFO - Processing link 8/8 from https://indianculture.gov.in/node/2681808
2025-05-18 14:03:45,354 - AdvancedCrawler - INFO - Waiting 3 seconds before next request...
2025-05-18 14:03:48,359 - AdvancedCrawler - INFO - Crawling URL: https://indianculture.gov.in/node/2737577 (Depth: 2/2)
2025-05-18 14:03:48,359 - AdvancedCrawler - INFO - Output folder: food-and-culture/2681808/2737577
2025-05-18 14:03:48,360 - WDM - INFO - ====== WebDriver manager ======
2025-05-18 14:03:48,590 - WDM - INFO - Get LATEST chromedriver version for google-chrome
2025-05-18 14:03:48,632 - WDM - INFO - Get LATEST chromedriver version for google-chrome
2025-05-18 14:03:48,662 - WDM - INFO - Driver [/Users/jananidileepan/.wdm/drivers/chromedriver/mac64/136.0.7103.94/chromedriver-mac-arm64/chromedriver] found in cache
2025-05-18 14:04:04,018 - AdvancedCrawler - INFO - Results saved in directory: food-and-culture/2681808/2737577/
2025-05-18 14:04:04,212 - AdvancedCrawler - INFO - Processing link 3/7 from https://indianculture.gov.in/food-and-culture
2025-05-18 14:04:04,212 - AdvancedCrawler - INFO - Waiting 3 seconds before next request...
2025-05-18 14:04:07,220 - AdvancedCrawler - INFO - Crawling URL: https://indianculture.gov.in/node/2681809 (Depth: 1/2)
2025-05-18 14:04:07,223 - AdvancedCrawler - INFO - Output folder: food-and-culture/2681809
2025-05-18 14:04:07,224 - WDM - INFO - ====== WebDriver manager ======
2025-05-18 14:04:07,420 - WDM - INFO - Get LATEST chromedriver version for google-chrome
2025-05-18 14:04:07,454 - WDM - INFO - Get LATEST chromedriver version for google-chrome
2025-05-18 14:04:07,483 - WDM - INFO - Driver [/Users/jananidileepan/.wdm/drivers/chromedriver/mac64/136.0.7103.94/chromedriver-mac-arm64/chromedriver] found in cache
2025-05-18 14:04:21,415 - AdvancedCrawler - INFO - Results saved in directory: food-and-culture/2681809/
2025-05-18 14:04:21,417 - AdvancedCrawler - INFO - Parsed 4 valid URLs from food-and-culture/2681809/output_links.json
2025-05-18 14:04:21,418 - AdvancedCrawler - INFO - Processing link 1/4 from https://indianculture.gov.in/node/2681809
2025-05-18 14:04:21,418 - AdvancedCrawler - INFO - Crawling URL: https://indianculture.gov.in/node/2790370 (Depth: 2/2)
2025-05-18 14:04:21,418 - AdvancedCrawler - INFO - Output folder: food-and-culture/2681809/2790370
2025-05-18 14:04:21,420 - WDM - INFO - ====== WebDriver manager ======
2025-05-18 14:04:21,655 - WDM - INFO - Get LATEST chromedriver version for google-chrome
2025-05-18 14:04:21,692 - WDM - INFO - Get LATEST chromedriver version for google-chrome
2025-05-18 14:04:21,728 - WDM - INFO - Driver [/Users/jananidileepan/.wdm/drivers/chromedriver/mac64/136.0.7103.94/chromedriver-mac-arm64/chromedriver] found in cache
2025-05-18 14:04:32,891 - AdvancedCrawler - INFO - Results saved in directory: food-and-culture/2681809/2790370/
2025-05-18 14:04:32,990 - AdvancedCrawler - INFO - Processing link 2/4 from https://indianculture.gov.in/node/2681809
2025-05-18 14:04:32,990 - AdvancedCrawler - INFO - Waiting 3 seconds before next request...
2025-05-18 14:04:35,996 - AdvancedCrawler - INFO - Crawling URL: https://indianculture.gov.in/node/2790371 (Depth: 2/2)
2025-05-18 14:04:35,997 - AdvancedCrawler - INFO - Output folder: food-and-culture/2681809/2790371
2025-05-18 14:04:35,997 - WDM - INFO - ====== WebDriver manager ======
2025-05-18 14:04:36,278 - WDM - INFO - Get LATEST chromedriver version for google-chrome
2025-05-18 14:04:36,309 - WDM - INFO - Get LATEST chromedriver version for google-chrome
2025-05-18 14:04:36,337 - WDM - INFO - Driver [/Users/jananidileepan/.wdm/drivers/chromedriver/mac64/136.0.7103.94/chromedriver-mac-arm64/chromedriver] found in cache
2025-05-18 14:04:51,912 - AdvancedCrawler - INFO - Results saved in directory: food-and-culture/2681809/2790371/
2025-05-18 14:04:52,003 - AdvancedCrawler - INFO - Processing link 3/4 from https://indianculture.gov.in/node/2681809
2025-05-18 14:04:52,004 - AdvancedCrawler - INFO - Waiting 3 seconds before next request...
2025-05-18 14:04:55,009 - AdvancedCrawler - INFO - Crawling URL: https://indianculture.gov.in/node/2790372 (Depth: 2/2)
2025-05-18 14:04:55,010 - AdvancedCrawler - INFO - Output folder: food-and-culture/2681809/2790372
2025-05-18 14:04:55,010 - WDM - INFO - ====== WebDriver manager ======
2025-05-18 14:04:55,242 - WDM - INFO - Get LATEST chromedriver version for google-chrome
2025-05-18 14:04:55,279 - WDM - INFO - Get LATEST chromedriver version for google-chrome
2025-05-18 14:04:55,306 - WDM - INFO - Driver [/Users/jananidileepan/.wdm/drivers/chromedriver/mac64/136.0.7103.94/chromedriver-mac-arm64/chromedriver] found in cache
2025-05-18 14:05:10,361 - AdvancedCrawler - INFO - Results saved in directory: food-and-culture/2681809/2790372/
2025-05-18 14:05:10,453 - AdvancedCrawler - INFO - Processing link 4/4 from https://indianculture.gov.in/node/2681809
2025-05-18 14:05:10,453 - AdvancedCrawler - INFO - Waiting 3 seconds before next request...
2025-05-18 14:05:13,455 - AdvancedCrawler - INFO - Crawling URL: https://indianculture.gov.in/node/2790373 (Depth: 2/2)
2025-05-18 14:05:13,455 - AdvancedCrawler - INFO - Output folder: food-and-culture/2681809/2790373
2025-05-18 14:05:13,456 - WDM - INFO - ====== WebDriver manager ======
2025-05-18 14:05:13,675 - WDM - INFO - Get LATEST chromedriver version for google-chrome
2025-05-18 14:05:13,707 - WDM - INFO - Get LATEST chromedriver version for google-chrome
2025-05-18 14:05:13,736 - WDM - INFO - Driver [/Users/jananidileepan/.wdm/drivers/chromedriver/mac64/136.0.7103.94/chromedriver-mac-arm64/chromedriver] found in cache
2025-05-18 14:05:31,053 - AdvancedCrawler - INFO - Results saved in directory: food-and-culture/2681809/2790373/
2025-05-18 14:05:31,272 - AdvancedCrawler - INFO - Processing link 4/7 from https://indianculture.gov.in/food-and-culture
2025-05-18 14:05:31,272 - AdvancedCrawler - INFO - Waiting 3 seconds before next request...
2025-05-18 14:05:34,276 - AdvancedCrawler - INFO - Crawling URL: https://indianculture.gov.in/node/2681810 (Depth: 1/2)
2025-05-18 14:05:34,279 - AdvancedCrawler - INFO - Output folder: food-and-culture/2681810
2025-05-18 14:05:34,280 - WDM - INFO - ====== WebDriver manager ======
2025-05-18 14:05:34,521 - WDM - INFO - Get LATEST chromedriver version for google-chrome
2025-05-18 14:05:34,552 - WDM - INFO - Get LATEST chromedriver version for google-chrome
2025-05-18 14:05:34,578 - WDM - INFO - Driver [/Users/jananidileepan/.wdm/drivers/chromedriver/mac64/136.0.7103.94/chromedriver-mac-arm64/chromedriver] found in cache
2025-05-18 14:05:55,237 - AdvancedCrawler - INFO - Results saved in directory: food-and-culture/2681810/
2025-05-18 14:05:55,238 - AdvancedCrawler - INFO - Parsed 16 valid URLs from food-and-culture/2681810/output_links.json
2025-05-18 14:05:55,238 - AdvancedCrawler - INFO - Processing link 1/16 from https://indianculture.gov.in/node/2681810
2025-05-18 14:05:55,238 - AdvancedCrawler - INFO - Crawling URL: https://indianculture.gov.in/food-and-culture/spices-herbs/coriander-herb-you-either-love-or-hate (Depth: 2/2)
2025-05-18 14:05:55,238 - AdvancedCrawler - INFO - Output folder: food-and-culture/2681810/coriander-herb-you-either-love-or-hate
2025-05-18 14:05:55,239 - WDM - INFO - ====== WebDriver manager ======
2025-05-18 14:05:55,468 - WDM - INFO - Get LATEST chromedriver version for google-chrome
2025-05-18 14:05:55,521 - WDM - INFO - Get LATEST chromedriver version for google-chrome
2025-05-18 14:05:55,545 - WDM - INFO - Driver [/Users/jananidileepan/.wdm/drivers/chromedriver/mac64/136.0.7103.94/chromedriver-mac-arm64/chromedriver] found in cache
2025-05-18 14:06:11,577 - AdvancedCrawler - INFO - Results saved in directory: food-and-culture/2681810/coriander-herb-you-either-love-or-hate/
2025-05-18 14:06:11,668 - AdvancedCrawler - INFO - Processing link 2/16 from https://indianculture.gov.in/node/2681810
2025-05-18 14:06:11,668 - AdvancedCrawler - INFO - Waiting 3 seconds before next request...
2025-05-18 14:06:14,674 - AdvancedCrawler - INFO - Crawling URL: https://indianculture.gov.in/food-and-culture/spices-herbs/bay-leaf-herb-victory-and-peace (Depth: 2/2)
2025-05-18 14:06:14,674 - AdvancedCrawler - INFO - Output folder: food-and-culture/2681810/bay-leaf-herb-victory-and-peace
2025-05-18 14:06:14,675 - WDM - INFO - ====== WebDriver manager ======
2025-05-18 14:06:14,929 - WDM - INFO - Get LATEST chromedriver version for google-chrome
2025-05-18 14:06:14,963 - WDM - INFO - Get LATEST chromedriver version for google-chrome
2025-05-18 14:06:14,991 - WDM - INFO - Driver [/Users/jananidileepan/.wdm/drivers/chromedriver/mac64/136.0.7103.94/chromedriver-mac-arm64/chromedriver] found in cache
2025-05-18 14:06:29,981 - AdvancedCrawler - INFO - Results saved in directory: food-and-culture/2681810/bay-leaf-herb-victory-and-peace/
2025-05-18 14:06:30,074 - AdvancedCrawler - INFO - Processing link 3/16 from https://indianculture.gov.in/node/2681810
2025-05-18 14:06:30,074 - AdvancedCrawler - INFO - Waiting 3 seconds before next request...
2025-05-18 14:06:33,080 - AdvancedCrawler - INFO - Crawling URL: https://indianculture.gov.in/food-and-culture/spices-herbs/mint-freshness-packed-leaf (Depth: 2/2)
2025-05-18 14:06:33,081 - AdvancedCrawler - INFO - Output folder: food-and-culture/2681810/mint-freshness-packed-leaf
2025-05-18 14:06:33,082 - WDM - INFO - ====== WebDriver manager ======
2025-05-18 14:06:33,327 - WDM - INFO - Get LATEST chromedriver version for google-chrome
2025-05-18 14:06:33,355 - WDM - INFO - Get LATEST chromedriver version for google-chrome
2025-05-18 14:06:33,382 - WDM - INFO - Driver [/Users/jananidileepan/.wdm/drivers/chromedriver/mac64/136.0.7103.94/chromedriver-mac-arm64/chromedriver] found in cache
2025-05-18 14:06:46,251 - AdvancedCrawler - INFO - Results saved in directory: food-and-culture/2681810/mint-freshness-packed-leaf/
2025-05-18 14:06:46,345 - AdvancedCrawler - INFO - Processing link 4/16 from https://indianculture.gov.in/node/2681810
2025-05-18 14:06:46,345 - AdvancedCrawler - INFO - Waiting 3 seconds before next request...
2025-05-18 14:06:49,351 - AdvancedCrawler - INFO - Crawling URL: https://indianculture.gov.in/food-and-culture/spices-herbs/curry-leaf-versatile-wonder-plant (Depth: 2/2)
2025-05-18 14:06:49,351 - AdvancedCrawler - INFO - Output folder: food-and-culture/2681810/curry-leaf-versatile-wonder-plant
2025-05-18 14:06:49,352 - WDM - INFO - ====== WebDriver manager ======
2025-05-18 14:06:49,595 - WDM - INFO - Get LATEST chromedriver version for google-chrome
2025-05-18 14:06:49,631 - WDM - INFO - Get LATEST chromedriver version for google-chrome
2025-05-18 14:06:49,661 - WDM - INFO - Driver [/Users/jananidileepan/.wdm/drivers/chromedriver/mac64/136.0.7103.94/chromedriver-mac-arm64/chromedriver] found in cache
2025-05-18 14:07:03,885 - AdvancedCrawler - INFO - Results saved in directory: food-and-culture/2681810/curry-leaf-versatile-wonder-plant/
2025-05-18 14:07:03,975 - AdvancedCrawler - INFO - Processing link 5/16 from https://indianculture.gov.in/node/2681810
2025-05-18 14:07:03,975 - AdvancedCrawler - INFO - Waiting 3 seconds before next request...
2025-05-18 14:07:06,979 - AdvancedCrawler - INFO - Crawling URL: https://indianculture.gov.in/food-and-culture/spices-herbs/humble-clove (Depth: 2/2)
2025-05-18 14:07:06,979 - AdvancedCrawler - INFO - Output folder: food-and-culture/2681810/humble-clove
2025-05-18 14:07:06,979 - WDM - INFO - ====== WebDriver manager ======
2025-05-18 14:07:07,224 - WDM - INFO - Get LATEST chromedriver version for google-chrome
2025-05-18 14:07:07,255 - WDM - INFO - Get LATEST chromedriver version for google-chrome
2025-05-18 14:07:07,279 - WDM - INFO - Driver [/Users/jananidileepan/.wdm/drivers/chromedriver/mac64/136.0.7103.94/chromedriver-mac-arm64/chromedriver] found in cache
2025-05-18 14:07:19,186 - AdvancedCrawler - INFO - Results saved in directory: food-and-culture/2681810/humble-clove/
2025-05-18 14:07:19,277 - AdvancedCrawler - INFO - Processing link 6/16 from https://indianculture.gov.in/node/2681810
2025-05-18 14:07:19,277 - AdvancedCrawler - INFO - Waiting 3 seconds before next request...
2025-05-18 14:07:22,305 - AdvancedCrawler - INFO - Crawling URL: https://indianculture.gov.in/food-and-culture/spices-herbs/cinnamon-miracle-bark (Depth: 2/2)
2025-05-18 14:07:22,326 - AdvancedCrawler - INFO - Output folder: food-and-culture/2681810/cinnamon-miracle-bark
2025-05-18 14:07:22,337 - WDM - INFO - ====== WebDriver manager ======
2025-05-18 14:07:22,580 - WDM - INFO - Get LATEST chromedriver version for google-chrome
2025-05-18 14:07:22,614 - WDM - INFO - Get LATEST chromedriver version for google-chrome
2025-05-18 14:07:22,645 - WDM - INFO - Driver [/Users/jananidileepan/.wdm/drivers/chromedriver/mac64/136.0.7103.94/chromedriver-mac-arm64/chromedriver] found in cache
2025-05-18 14:07:36,305 - AdvancedCrawler - INFO - Results saved in directory: food-and-culture/2681810/cinnamon-miracle-bark/
2025-05-18 14:07:36,393 - AdvancedCrawler - INFO - Processing link 7/16 from https://indianculture.gov.in/node/2681810
2025-05-18 14:07:36,393 - AdvancedCrawler - INFO - Waiting 3 seconds before next request...
2025-05-18 14:07:39,394 - AdvancedCrawler - INFO - Crawling URL: https://indianculture.gov.in/food-and-culture/spices-herbs/turmeric-indian-saffron (Depth: 2/2)
2025-05-18 14:07:39,394 - AdvancedCrawler - INFO - Output folder: food-and-culture/2681810/turmeric-indian-saffron
2025-05-18 14:07:39,395 - WDM - INFO - ====== WebDriver manager ======
2025-05-18 14:07:39,646 - WDM - INFO - Get LATEST chromedriver version for google-chrome
2025-05-18 14:07:39,677 - WDM - INFO - Get LATEST chromedriver version for google-chrome
2025-05-18 14:07:39,703 - WDM - INFO - Driver [/Users/jananidileepan/.wdm/drivers/chromedriver/mac64/136.0.7103.94/chromedriver-mac-arm64/chromedriver] found in cache
2025-05-18 14:07:53,951 - AdvancedCrawler - INFO - Results saved in directory: food-and-culture/2681810/turmeric-indian-saffron/
2025-05-18 14:07:54,043 - AdvancedCrawler - INFO - Processing link 8/16 from https://indianculture.gov.in/node/2681810
2025-05-18 14:07:54,043 - AdvancedCrawler - INFO - Waiting 3 seconds before next request...
2025-05-18 14:07:57,049 - AdvancedCrawler - INFO - Crawling URL: https://indianculture.gov.in/food-and-culture/spices-herbs/cardamom-queen-spices (Depth: 2/2)
2025-05-18 14:07:57,050 - AdvancedCrawler - INFO - Output folder: food-and-culture/2681810/cardamom-queen-spices
2025-05-18 14:07:57,051 - WDM - INFO - ====== WebDriver manager ======
2025-05-18 14:07:57,298 - WDM - INFO - Get LATEST chromedriver version for google-chrome
2025-05-18 14:07:57,335 - WDM - INFO - Get LATEST chromedriver version for google-chrome
2025-05-18 14:07:57,387 - WDM - INFO - Driver [/Users/jananidileepan/.wdm/drivers/chromedriver/mac64/136.0.7103.94/chromedriver-mac-arm64/chromedriver] found in cache
2025-05-18 14:08:21,726 - AdvancedCrawler - INFO - Results saved in directory: food-and-culture/2681810/cardamom-queen-spices/
2025-05-18 14:08:21,819 - AdvancedCrawler - INFO - Processing link 9/16 from https://indianculture.gov.in/node/2681810
2025-05-18 14:08:21,820 - AdvancedCrawler - INFO - Waiting 3 seconds before next request...
2025-05-18 14:08:24,825 - AdvancedCrawler - INFO - Crawling URL: https://indianculture.gov.in/food-and-culture/spices-herbs/black-pepper-king-spices (Depth: 2/2)
2025-05-18 14:08:24,825 - AdvancedCrawler - INFO - Output folder: food-and-culture/2681810/black-pepper-king-spices
2025-05-18 14:08:24,826 - WDM - INFO - ====== WebDriver manager ======
2025-05-18 14:08:25,073 - WDM - INFO - Get LATEST chromedriver version for google-chrome
2025-05-18 14:08:25,115 - WDM - INFO - Get LATEST chromedriver version for google-chrome
2025-05-18 14:08:25,139 - WDM - INFO - Driver [/Users/jananidileepan/.wdm/drivers/chromedriver/mac64/136.0.7103.94/chromedriver-mac-arm64/chromedriver] found in cache
2025-05-18 14:08:40,264 - AdvancedCrawler - INFO - Results saved in directory: food-and-culture/2681810/black-pepper-king-spices/
2025-05-18 14:08:40,354 - AdvancedCrawler - INFO - Processing link 10/16 from https://indianculture.gov.in/node/2681810
2025-05-18 14:08:40,354 - AdvancedCrawler - INFO - Waiting 3 seconds before next request...
2025-05-18 14:08:43,360 - AdvancedCrawler - INFO - Crawling URL: https://indianculture.gov.in/food-and-culture/spices-herbs/nutmeg-and-mace-tale-two-spices (Depth: 2/2)
2025-05-18 14:08:43,361 - AdvancedCrawler - INFO - Output folder: food-and-culture/2681810/nutmeg-and-mace-tale-two-spices
2025-05-18 14:08:43,362 - WDM - INFO - ====== WebDriver manager ======
2025-05-18 14:08:43,612 - WDM - INFO - Get LATEST chromedriver version for google-chrome
2025-05-18 14:08:43,642 - WDM - INFO - Get LATEST chromedriver version for google-chrome
2025-05-18 14:08:43,670 - WDM - INFO - Driver [/Users/jananidileepan/.wdm/drivers/chromedriver/mac64/136.0.7103.94/chromedriver-mac-arm64/chromedriver] found in cache
2025-05-18 14:08:58,246 - AdvancedCrawler - INFO - Results saved in directory: food-and-culture/2681810/nutmeg-and-mace-tale-two-spices/
2025-05-18 14:08:58,334 - AdvancedCrawler - INFO - Processing link 11/16 from https://indianculture.gov.in/node/2681810
2025-05-18 14:08:58,334 - AdvancedCrawler - INFO - Waiting 3 seconds before next request...
2025-05-18 14:09:01,340 - AdvancedCrawler - INFO - Crawling URL: https://indianculture.gov.in/food-and-culture/spices-herbs/ubiquitous-cumin (Depth: 2/2)
2025-05-18 14:09:01,340 - AdvancedCrawler - INFO - Output folder: food-and-culture/2681810/ubiquitous-cumin
2025-05-18 14:09:01,340 - WDM - INFO - ====== WebDriver manager ======
2025-05-18 14:09:01,553 - WDM - INFO - Get LATEST chromedriver version for google-chrome
2025-05-18 14:09:01,586 - WDM - INFO - Get LATEST chromedriver version for google-chrome
2025-05-18 14:09:01,614 - WDM - INFO - Driver [/Users/jananidileepan/.wdm/drivers/chromedriver/mac64/136.0.7103.94/chromedriver-mac-arm64/chromedriver] found in cache
2025-05-18 14:09:15,954 - AdvancedCrawler - INFO - Results saved in directory: food-and-culture/2681810/ubiquitous-cumin/
2025-05-18 14:09:16,051 - AdvancedCrawler - INFO - Processing link 12/16 from https://indianculture.gov.in/node/2681810
2025-05-18 14:09:16,051 - AdvancedCrawler - INFO - Waiting 3 seconds before next request...
2025-05-18 14:09:19,058 - AdvancedCrawler - INFO - Crawling URL: https://indianculture.gov.in/food-and-culture/spices-herbs/garlic-pungent-herb (Depth: 2/2)
2025-05-18 14:09:19,058 - AdvancedCrawler - INFO - Output folder: food-and-culture/2681810/garlic-pungent-herb
2025-05-18 14:09:19,059 - WDM - INFO - ====== WebDriver manager ======
2025-05-18 14:09:19,282 - WDM - INFO - Get LATEST chromedriver version for google-chrome
2025-05-18 14:09:19,313 - WDM - INFO - Get LATEST chromedriver version for google-chrome
2025-05-18 14:09:19,342 - WDM - INFO - Driver [/Users/jananidileepan/.wdm/drivers/chromedriver/mac64/136.0.7103.94/chromedriver-mac-arm64/chromedriver] found in cache
2025-05-18 14:09:22,123 - urllib3.connectionpool - WARNING - Retrying (Retry(total=2, connect=None, read=None, redirect=None, status=None)) after connection broken by 'NewConnectionError('<urllib3.connection.HTTPConnection object at 0x103460490>: Failed to establish a new connection: [Errno 61] Connection refused')': /session/5d0e1302b894040dc8cfa2a17ea61752
2025-05-18 14:09:22,126 - urllib3.connectionpool - WARNING - Retrying (Retry(total=1, connect=None, read=None, redirect=None, status=None)) after connection broken by 'NewConnectionError('<urllib3.connection.HTTPConnection object at 0x103463dd0>: Failed to establish a new connection: [Errno 61] Connection refused')': /session/5d0e1302b894040dc8cfa2a17ea61752
2025-05-18 14:09:22,129 - urllib3.connectionpool - WARNING - Retrying (Retry(total=0, connect=None, read=None, redirect=None, status=None)) after connection broken by 'NewConnectionError('<urllib3.connection.HTTPConnection object at 0x103462590>: Failed to establish a new connection: [Errno 61] Connection refused')': /session/5d0e1302b894040dc8cfa2a17ea61752
2025-05-18 14:09:22,138 - urllib3.connectionpool - WARNING - Retrying (Retry(total=2, connect=None, read=None, redirect=None, status=None)) after connection broken by 'NewConnectionError('<urllib3.connection.HTTPConnection object at 0x10346cc10>: Failed to establish a new connection: [Errno 61] Connection refused')': /session/7559a59fa4845943fc2ece66b6596cd1
2025-05-18 14:09:22,143 - urllib3.connectionpool - WARNING - Retrying (Retry(total=1, connect=None, read=None, redirect=None, status=None)) after connection broken by 'NewConnectionError('<urllib3.connection.HTTPConnection object at 0x103462350>: Failed to establish a new connection: [Errno 61] Connection refused')': /session/7559a59fa4845943fc2ece66b6596cd1
2025-05-18 14:09:22,147 - urllib3.connectionpool - WARNING - Retrying (Retry(total=0, connect=None, read=None, redirect=None, status=None)) after connection broken by 'NewConnectionError('<urllib3.connection.HTTPConnection object at 0x103463610>: Failed to establish a new connection: [Errno 61] Connection refused')': /session/7559a59fa4845943fc2ece66b6596cd1
2025-05-18 14:09:22,156 - urllib3.connectionpool - WARNING - Retrying (Retry(total=2, connect=None, read=None, redirect=None, status=None)) after connection broken by 'NewConnectionError('<urllib3.connection.HTTPConnection object at 0x1033e0b10>: Failed to establish a new connection: [Errno 61] Connection refused')': /session/d948ebf1f6836f5596566b5d3c8dba53
2025-05-18 14:09:22,161 - urllib3.connectionpool - WARNING - Retrying (Retry(total=1, connect=None, read=None, redirect=None, status=None)) after connection broken by 'NewConnectionError('<urllib3.connection.HTTPConnection object at 0x103461d50>: Failed to establish a new connection: [Errno 61] Connection refused')': /session/d948ebf1f6836f5596566b5d3c8dba53
2025-05-18 14:09:22,170 - urllib3.connectionpool - WARNING - Retrying (Retry(total=0, connect=None, read=None, redirect=None, status=None)) after connection broken by 'NewConnectionError('<urllib3.connection.HTTPConnection object at 0x103306750>: Failed to establish a new connection: [Errno 61] Connection refused')': /session/d948ebf1f6836f5596566b5d3c8dba53
